#
# A fatal error has been detected by the Java Runtime Environment:
#
#  SIGSEGV (0xb) at pc=0x000000010b53212f, pid=653, tid=4867
#
# JRE version: Java(TM) SE Runtime Environment (7.0_71-b14) (build 1.7.0_71-b14)
# Java VM: Java HotSpot(TM) 64-Bit Server VM (24.71-b01 mixed mode bsd-amd64 compressed oops)
# Problematic frame:
# C  [librxtxSerial.jnilib+0x312f]  Java_gnu_io_RXTXPort_interruptEventLoop+0x6b
#
# Failed to write core dump. Core dumps have been disabled. To enable core dumping, try "ulimit -c unlimited" before starting Java again
#
# If you would like to submit a bug report, please visit:
#   http://bugreport.sun.com/bugreport/crash.jsp
# The crash happened outside the Java Virtual Machine in native code.
# See problematic frame for where to report the bug.
#

---------------  T H R E A D  ---------------

Current thread (0x00007fbbf5802800):  JavaThread "main" [_thread_in_native, id=4867, stack(0x0000000101059000,0x0000000101159000)]

siginfo:si_signo=SIGSEGV: si_errno=0, si_code=1 (SEGV_MAPERR), si_addr=0x000000010b63d928

Registers:
RAX=0x0000000000000000, RBX=0x000000010b63d7c0, RCX=0x00007fff89392486, RDX=0xffffffffffffffff
RSP=0x0000000101158780, RBP=0x0000000101158790, RSI=0x0000000000000000, RDI=0x000000000000003c
R8 =0x0000000000000000, R9 =0x0000000002faf080, R10=0x0000000000000001, R11=0x0000000000000247
R12=0x0000000000000019, R13=0x00000007bb189ca0, R14=0x0000000101158808, R15=0x00007fbbf5802800
RIP=0x000000010b53212f, EFLAGS=0x0000000000010202, ERR=0x0000000000000004
  TRAPNO=0x000000000000000e

Top of Stack: (sp=0x0000000101158780)
0x0000000101158780:   00000007bb189ca0 0000000000000000
0x0000000101158790:   00000001011587e8 0000000102472758
0x00000001011587a0:   000000010247d443 00000001011587a8
0x00000001011587b0:   00000007bb189ca0 0000000101158808
0x00000001011587c0:   00000007bb199ca0 0000000000000000
0x00000001011587d0:   00000007bb189ca0 0000000000000000
0x00000001011587e0:   0000000101158808 0000000101158850
0x00000001011587f0:   0000000102466058 0000000000000000
0x0000000101158800:   000000010246ecd8 00000007ead12668
0x0000000101158810:   0000000101158810 00000007bb18a227
0x0000000101158820:   0000000101158868 00000007bb199ca0
0x0000000101158830:   0000000000000000 00000007bb18a290
0x0000000101158840:   0000000101158808 0000000101158868
0x0000000101158850:   00000001011588c0 0000000102466058
0x0000000101158860:   0000000000000000 00000007ead12668
0x0000000101158870:   0000000000000001 0000000000000000
0x0000000101158880:   0000000101158870 00000007bb18af93
0x0000000101158890:   00000001011588e8 00000007bb199ca0
0x00000001011588a0:   0000000000000000 00000007bb18aff8
0x00000001011588b0:   0000000101158868 00000001011588e8
0x00000001011588c0:   0000000101158930 0000000102466058
0x00000001011588d0:   0000000000000000 0000000000000000
0x00000001011588e0:   00000007ead12668 00000007ead12668
0x00000001011588f0:   00000001011588f0 00000007bb17cefd
0x0000000101158900:   0000000101158960 00000007bb17d230
0x0000000101158910:   0000000000000000 00000007bb17cf78
0x0000000101158920:   00000001011588e8 0000000101158958
0x0000000101158930:   00000001011589a8 0000000102466058
0x0000000101158940:   00000007ead12668 00000007ead12668
0x0000000101158950:   00000007eacf2a70 00000007eaca34f8
0x0000000101158960:   00000007eaca7168 0000000101158968
0x0000000101158970:   00000007bb08a58f 00000001011589d0 

Instructions: (pc=0x000000010b53212f)
0x000000010b53210f:   00 01 00 00 00 48 8b bb 78 01 00 00 be 06 00 00
0x000000010b53211f:   00 e8 4d 27 00 00 bf 50 c3 00 00 e8 c7 27 00 00
0x000000010b53212f:   83 bb 68 01 00 00 01 74 16 48 8b bb 78 01 00 00
0x000000010b53213f:   e8 16 27 00 00 c7 83 68 01 00 00 01 00 00 00 5b 

Register to memory mapping:

RAX=0x0000000000000000 is an unknown value
RBX=0x000000010b63d7c0 is an unknown value
RCX=0x00007fff89392486: __semwait_signal+0xa in /usr/lib/system/libsystem_kernel.dylib at 0x00007fff8937c000
RDX=0xffffffffffffffff is an unknown value
RSP=0x0000000101158780 is pointing into the stack for thread: 0x00007fbbf5802800
RBP=0x0000000101158790 is pointing into the stack for thread: 0x00007fbbf5802800
RSI=0x0000000000000000 is an unknown value
RDI=0x000000000000003c is an unknown value
R8 =0x0000000000000000 is an unknown value
R9 =0x0000000002faf080 is an unknown value
R10=0x0000000000000001 is an unknown value
R11=0x0000000000000247 is an unknown value
R12=0x0000000000000019 is an unknown value
R13=0x00000007bb189ca0 is an oop
{method} 
 - klass: {other class}
R14=0x0000000101158808 is pointing into the stack for thread: 0x00007fbbf5802800
R15=0x00007fbbf5802800 is a thread


Stack: [0x0000000101059000,0x0000000101159000],  sp=0x0000000101158780,  free space=1021k
Native frames: (J=compiled Java code, j=interpreted, Vv=VM code, C=native code)
C  [librxtxSerial.jnilib+0x312f]  Java_gnu_io_RXTXPort_interruptEventLoop+0x6b
j  gnu.io.RXTXPort.interruptEventLoop()V+0
j  gnu.io.RXTXPort.removeEventListener()V+55
j  gnu.io.RXTXPort.close()V+91
j  surePark.ConnectToCoordinator.connect(Ljava/lang/String;)V+445
j  surePark.sureParkServlet.init()V+175
j  surePark.sureParkServlet.main([Ljava/lang/String;)V+7
v  ~StubRoutines::call_stub
V  [libjvm.dylib+0x2db378]  JavaCalls::call_helper(JavaValue*, methodHandle*, JavaCallArguments*, Thread*)+0x22a
V  [libjvm.dylib+0x2db148]  JavaCalls::call(JavaValue*, methodHandle, JavaCallArguments*, Thread*)+0x28
V  [libjvm.dylib+0x30e9c2]  jni_invoke_static(JNIEnv_*, JavaValue*, _jobject*, JNICallType, _jmethodID*, JNI_ArgumentPusher*, Thread*)+0xe6
V  [libjvm.dylib+0x307b5d]  jni_CallStaticVoidMethod+0x10b
C  [java+0x30fe]  JavaMain+0x91d
C  [libsystem_pthread.dylib+0x32fc]  _pthread_body+0x83
C  [libsystem_pthread.dylib+0x3279]  _pthread_body+0x0
C  [libsystem_pthread.dylib+0x14b1]  thread_start+0xd

Java frames: (J=compiled Java code, j=interpreted, Vv=VM code)
j  gnu.io.RXTXPort.interruptEventLoop()V+0
j  gnu.io.RXTXPort.removeEventListener()V+55
j  gnu.io.RXTXPort.close()V+91
j  surePark.ConnectToCoordinator.connect(Ljava/lang/String;)V+445
j  surePark.sureParkServlet.init()V+175
j  surePark.sureParkServlet.main([Ljava/lang/String;)V+7
v  ~StubRoutines::call_stub

---------------  P R O C E S S  ---------------

Java Threads: ( => current thread )
  0x00007fbbf5816000 JavaThread "Service Thread" daemon [_thread_blocked, id=17667, stack(0x000000010b25e000,0x000000010b35e000)]
  0x00007fbbf5815800 JavaThread "C2 CompilerThread1" daemon [_thread_blocked, id=17155, stack(0x000000010b15b000,0x000000010b25b000)]
  0x00007fbbf580e000 JavaThread "C2 CompilerThread0" daemon [_thread_blocked, id=16643, stack(0x000000010b058000,0x000000010b158000)]
  0x00007fbbf500f000 JavaThread "Signal Dispatcher" daemon [_thread_blocked, id=13331, stack(0x000000010af55000,0x000000010b055000)]
  0x00007fbbf5009800 JavaThread "Finalizer" daemon [_thread_blocked, id=11523, stack(0x0000000109624000,0x0000000109724000)]
  0x00007fbbf4044800 JavaThread "Reference Handler" daemon [_thread_blocked, id=11011, stack(0x0000000109521000,0x0000000109621000)]
=>0x00007fbbf5802800 JavaThread "main" [_thread_in_native, id=4867, stack(0x0000000101059000,0x0000000101159000)]

Other Threads:
  0x00007fbbf4042000 VMThread [stack: 0x000000010941e000,0x000000010951e000] [id=10499]
  0x00007fbbf4061000 WatcherThread [stack: 0x000000010b361000,0x000000010b461000] [id=18179]

VM state:not at safepoint (normal execution)

VM Mutex/Monitor currently owned by a thread: None

Heap
 PSYoungGen      total 19456K, used 3063K [0x00000007eaa80000, 0x00000007ec000000, 0x0000000800000000)
  eden space 16896K, 18% used [0x00000007eaa80000,0x00000007ead7dd98,0x00000007ebb00000)
  from space 2560K, 0% used [0x00000007ebd80000,0x00000007ebd80000,0x00000007ec000000)
  to   space 2560K, 0% used [0x00000007ebb00000,0x00000007ebb00000,0x00000007ebd80000)
 ParOldGen       total 43520K, used 0K [0x00000007c0000000, 0x00000007c2a80000, 0x00000007eaa80000)
  object space 43520K, 0% used [0x00000007c0000000,0x00000007c0000000,0x00000007c2a80000)
 PSPermGen       total 21504K, used 3732K [0x00000007bae00000, 0x00000007bc300000, 0x00000007c0000000)
  object space 21504K, 17% used [0x00000007bae00000,0x00000007bb1a5168,0x00000007bc300000)

Card table byte_map: [0x0000000105520000,0x000000010574a000] byte_map_base: 0x0000000101749000

Polling page: 0x0000000101198000

Code Cache  [0x0000000102460000, 0x00000001026d0000, 0x0000000105460000)
 total_blobs=214 nmethods=7 adapters=162 free_code_cache=48747Kb largest_free_block=49903616

Compilation events (10 events):
Event: 0.324 Thread 0x00007fbbf5815800    3             sun.nio.cs.UTF_8$Encoder::encode (361 bytes)
Event: 0.350 Thread 0x00007fbbf580e000    4             java.lang.String::charAt (29 bytes)
Event: 0.353 Thread 0x00007fbbf580e000 nmethod 4 0x00000001024c0050 code [0x00000001024c01a0, 0x00000001024c0258]
Event: 0.357 Thread 0x00007fbbf5815800 nmethod 3 0x00000001024bf690 code [0x00000001024bf800, 0x00000001024bfd28]
Event: 0.382 Thread 0x00007fbbf580e000    5             java.lang.String::indexOf (166 bytes)
Event: 0.390 Thread 0x00007fbbf5815800    6             java.io.UnixFileSystem::normalize (75 bytes)
Event: 0.409 Thread 0x00007fbbf5815800 nmethod 6 0x00000001024c3510 code [0x00000001024c3680, 0x00000001024c38d8]
Event: 0.409 Thread 0x00007fbbf5815800    7             java.lang.String::lastIndexOf (52 bytes)
Event: 0.417 Thread 0x00007fbbf5815800 nmethod 7 0x00000001024c3150 code [0x00000001024c32a0, 0x00000001024c3428]
Event: 0.418 Thread 0x00007fbbf580e000 nmethod 5 0x00000001024c2990 code [0x00000001024c2ae0, 0x00000001024c2f38]

GC Heap History (0 events):
No events

Deoptimization events (0 events):
No events

Internal exceptions (10 events):
Event: 0.541 Thread 0x00007fbbf5802800 Threw 0x00000007eacdecd0 at /HUDSON/workspace/7u-2-build-macosx-x86_64/jdk7u71/1605/hotspot/src/share/vm/prims/jvm.cpp:1281
Event: 0.543 Thread 0x00007fbbf5802800 Threw 0x00000007eace5520 at /HUDSON/workspace/7u-2-build-macosx-x86_64/jdk7u71/1605/hotspot/src/share/vm/prims/jvm.cpp:1281
Event: 0.547 Thread 0x00007fbbf5802800 Threw 0x00000007eaceb2e0 at /HUDSON/workspace/7u-2-build-macosx-x86_64/jdk7u71/1605/hotspot/src/share/vm/prims/jvm.cpp:1281
Event: 0.551 Thread 0x00007fbbf5802800 Threw 0x00000007eacf1b90 at /HUDSON/workspace/7u-2-build-macosx-x86_64/jdk7u71/1605/hotspot/src/share/vm/prims/jni.cpp:717
Event: 0.552 Thread 0x00007fbbf5802800 Threw 0x00000007eacf3fe0 at /HUDSON/workspace/7u-2-build-macosx-x86_64/jdk7u71/1605/hotspot/src/share/vm/prims/jni.cpp:717
Event: 0.558 Thread 0x00007fbbf5802800 Threw 0x00000007eacfd160 at /HUDSON/workspace/7u-2-build-macosx-x86_64/jdk7u71/1605/hotspot/src/share/vm/prims/jvm.cpp:1281
Event: 0.562 Thread 0x00007fbbf5802800 Threw 0x00000007ead02480 at /HUDSON/workspace/7u-2-build-macosx-x86_64/jdk7u71/1605/hotspot/src/share/vm/prims/jvm.cpp:1281
Event: 0.564 Thread 0x00007fbbf5802800 Threw 0x00000007ead08570 at /HUDSON/workspace/7u-2-build-macosx-x86_64/jdk7u71/1605/hotspot/src/share/vm/prims/jvm.cpp:1281
Event: 0.566 Thread 0x00007fbbf5802800 Threw 0x00000007ead0ce18 at /HUDSON/workspace/7u-2-build-macosx-x86_64/jdk7u71/1605/hotspot/src/share/vm/prims/jvm.cpp:1281
Event: 0.579 Thread 0x00007fbbf5802800 Threw 0x00000007ead132c0 at /HUDSON/workspace/7u-2-build-macosx-x86_64/jdk7u71/1605/hotspot/src/share/vm/prims/jvm.cpp:1281

Events (10 events):
Event: 0.568 loading class 0x00007fbbf585e9c0 done
Event: 0.568 loading class 0x00007fbbf585e9e0
Event: 0.569 loading class 0x00007fbbf585e9e0 done
Event: 0.569 loading class 0x00007fbbf3c209b0 done
Event: 0.571 loading class 0x000000010818dfb0
Event: 0.571 loading class 0x000000010818dfb0 done
Event: 0.578 loading class 0x00007fbbf3c1eb40
Event: 0.578 loading class 0x00007fbbf3c1eb40 done
Event: 0.581 Thread 0x00007fbbf5027000 Thread added: 0x00007fbbf5027000
Event: 0.591 Thread 0x00007fbbf5027000 Thread exited: 0x00007fbbf5027000


Dynamic libraries:
0x0000000004142000 	/System/Library/Frameworks/Cocoa.framework/Versions/A/Cocoa
0x0000000004142000 	/System/Library/Frameworks/Security.framework/Versions/A/Security
0x0000000004142000 	/System/Library/Frameworks/ApplicationServices.framework/Versions/A/ApplicationServices
0x0000000004142000 	/usr/lib/libz.1.dylib
0x0000000004142000 	/usr/lib/libSystem.B.dylib
0x0000000004142000 	/usr/lib/libobjc.A.dylib
0x0000000004142000 	/System/Library/Frameworks/CoreFoundation.framework/Versions/A/CoreFoundation
0x0000000004142000 	/System/Library/Frameworks/Foundation.framework/Versions/C/Foundation
0x0000000004142000 	/System/Library/Frameworks/AppKit.framework/Versions/C/AppKit
0x0000000004142000 	/System/Library/Frameworks/CoreData.framework/Versions/A/CoreData
0x0000000004142000 	/System/Library/PrivateFrameworks/RemoteViewServices.framework/Versions/A/RemoteViewServices
0x0000000004142000 	/System/Library/PrivateFrameworks/UIFoundation.framework/Versions/A/UIFoundation
0x0000000004142000 	/System/Library/Frameworks/IOSurface.framework/Versions/A/IOSurface
0x0000000004142000 	/System/Library/Frameworks/AudioToolbox.framework/Versions/A/AudioToolbox
0x0000000004142000 	/System/Library/Frameworks/AudioUnit.framework/Versions/A/AudioUnit
0x0000000004142000 	/System/Library/PrivateFrameworks/DataDetectorsCore.framework/Versions/A/DataDetectorsCore
0x0000000004142000 	/System/Library/PrivateFrameworks/DesktopServicesPriv.framework/Versions/A/DesktopServicesPriv
0x0000000004142000 	/System/Library/Frameworks/Carbon.framework/Versions/A/Frameworks/HIToolbox.framework/Versions/A/HIToolbox
0x0000000004142000 	/System/Library/Frameworks/QuartzCore.framework/Versions/A/QuartzCore
0x0000000004142000 	/System/Library/Frameworks/Carbon.framework/Versions/A/Frameworks/SpeechRecognition.framework/Versions/A/SpeechRecognition
0x0000000004142000 	/usr/lib/libauto.dylib
0x0000000004142000 	/usr/lib/libicucore.A.dylib
0x0000000004142000 	/usr/lib/libxml2.2.dylib
0x0000000004142000 	/System/Library/PrivateFrameworks/CoreUI.framework/Versions/A/CoreUI
0x0000000004142000 	/System/Library/Frameworks/CoreAudio.framework/Versions/A/CoreAudio
0x0000000004142000 	/System/Library/Frameworks/DiskArbitration.framework/Versions/A/DiskArbitration
0x0000000004142000 	/usr/lib/liblangid.dylib
0x0000000004142000 	/System/Library/PrivateFrameworks/MultitouchSupport.framework/Versions/A/MultitouchSupport
0x0000000004142000 	/System/Library/Frameworks/IOKit.framework/Versions/A/IOKit
0x0000000004142000 	/usr/lib/libDiagnosticMessagesClient.dylib
0x0000000004142000 	/System/Library/Frameworks/CoreServices.framework/Versions/A/CoreServices
0x0000000004142000 	/System/Library/PrivateFrameworks/PerformanceAnalysis.framework/Versions/A/PerformanceAnalysis
0x0000000004142000 	/System/Library/PrivateFrameworks/GenerationalStorage.framework/Versions/A/GenerationalStorage
0x0000000004142000 	/System/Library/Frameworks/OpenGL.framework/Versions/A/OpenGL
0x0000000004142000 	/System/Library/PrivateFrameworks/Sharing.framework/Versions/A/Sharing
0x0000000004142000 	/System/Library/Frameworks/CoreGraphics.framework/Versions/A/CoreGraphics
0x0000000004142000 	/System/Library/Frameworks/CoreText.framework/Versions/A/CoreText
0x0000000004142000 	/System/Library/Frameworks/ImageIO.framework/Versions/A/ImageIO
0x0000000004142000 	/usr/lib/libextension.dylib
0x0000000004142000 	/System/Library/PrivateFrameworks/Backup.framework/Versions/A/Backup
0x0000000004142000 	/usr/lib/libarchive.2.dylib
0x0000000004142000 	/System/Library/Frameworks/CFNetwork.framework/Versions/A/CFNetwork
0x0000000004142000 	/System/Library/Frameworks/SystemConfiguration.framework/Versions/A/SystemConfiguration
0x0000000004142000 	/usr/lib/libCRFSuite.dylib
0x0000000004142000 	/usr/lib/libc++.1.dylib
0x0000000004142000 	/usr/lib/libc++abi.dylib
0x0000000004142000 	/usr/lib/system/libcache.dylib
0x0000000004142000 	/usr/lib/system/libcommonCrypto.dylib
0x0000000004142000 	/usr/lib/system/libcompiler_rt.dylib
0x0000000004142000 	/usr/lib/system/libcopyfile.dylib
0x0000000004142000 	/usr/lib/system/libcorecrypto.dylib
0x0000000004142000 	/usr/lib/system/libdispatch.dylib
0x0000000004142000 	/usr/lib/system/libdyld.dylib
0x0000000004142000 	/usr/lib/system/libkeymgr.dylib
0x0000000004142000 	/usr/lib/system/liblaunch.dylib
0x0000000004142000 	/usr/lib/system/libmacho.dylib
0x0000000004142000 	/usr/lib/system/libquarantine.dylib
0x0000000004142000 	/usr/lib/system/libremovefile.dylib
0x0000000004142000 	/usr/lib/system/libsystem_asl.dylib
0x0000000004142000 	/usr/lib/system/libsystem_blocks.dylib
0x0000000004142000 	/usr/lib/system/libsystem_c.dylib
0x0000000004142000 	/usr/lib/system/libsystem_configuration.dylib
0x0000000004142000 	/usr/lib/system/libsystem_coreservices.dylib
0x0000000004142000 	/usr/lib/system/libsystem_coretls.dylib
0x0000000004142000 	/usr/lib/system/libsystem_dnssd.dylib
0x0000000004142000 	/usr/lib/system/libsystem_info.dylib
0x0000000004142000 	/usr/lib/system/libsystem_kernel.dylib
0x0000000004142000 	/usr/lib/system/libsystem_m.dylib
0x0000000004142000 	/usr/lib/system/libsystem_malloc.dylib
0x0000000004142000 	/usr/lib/system/libsystem_network.dylib
0x0000000004142000 	/usr/lib/system/libsystem_networkextension.dylib
0x0000000004142000 	/usr/lib/system/libsystem_notify.dylib
0x0000000004142000 	/usr/lib/system/libsystem_platform.dylib
0x0000000004142000 	/usr/lib/system/libsystem_pthread.dylib
0x0000000004142000 	/usr/lib/system/libsystem_sandbox.dylib
0x0000000004142000 	/usr/lib/system/libsystem_secinit.dylib
0x0000000004142000 	/usr/lib/system/libsystem_stats.dylib
0x0000000004142000 	/usr/lib/system/libsystem_trace.dylib
0x0000000004142000 	/usr/lib/system/libunc.dylib
0x0000000004142000 	/usr/lib/system/libunwind.dylib
0x0000000004142000 	/usr/lib/system/libxpc.dylib
0x0000000004142000 	/usr/lib/libbz2.1.0.dylib
0x0000000004142000 	/usr/lib/liblzma.5.dylib
0x0000000004142000 	/usr/lib/libbsm.0.dylib
0x0000000004142000 	/usr/lib/libsqlite3.dylib
0x0000000004142000 	/usr/lib/system/libkxld.dylib
0x0000000004142000 	/usr/lib/libxar.1.dylib
0x0000000004142000 	/usr/lib/libpam.2.dylib
0x0000000004142000 	/usr/lib/libOpenScriptingUtil.dylib
0x0000000004142000 	/System/Library/Frameworks/CoreServices.framework/Versions/A/Frameworks/FSEvents.framework/Versions/A/FSEvents
0x0000000004142000 	/System/Library/Frameworks/CoreServices.framework/Versions/A/Frameworks/CarbonCore.framework/Versions/A/CarbonCore
0x0000000004142000 	/System/Library/Frameworks/CoreServices.framework/Versions/A/Frameworks/Metadata.framework/Versions/A/Metadata
0x0000000004142000 	/System/Library/Frameworks/CoreServices.framework/Versions/A/Frameworks/OSServices.framework/Versions/A/OSServices
0x0000000004142000 	/System/Library/Frameworks/CoreServices.framework/Versions/A/Frameworks/SearchKit.framework/Versions/A/SearchKit
0x0000000004142000 	/System/Library/Frameworks/CoreServices.framework/Versions/A/Frameworks/AE.framework/Versions/A/AE
0x0000000004142000 	/System/Library/Frameworks/CoreServices.framework/Versions/A/Frameworks/LaunchServices.framework/Versions/A/LaunchServices
0x0000000004142000 	/System/Library/Frameworks/CoreServices.framework/Versions/A/Frameworks/DictionaryServices.framework/Versions/A/DictionaryServices
0x0000000004142000 	/System/Library/Frameworks/NetFS.framework/Versions/A/NetFS
0x0000000004142000 	/System/Library/PrivateFrameworks/NetAuth.framework/Versions/A/NetAuth
0x0000000004142000 	/System/Library/PrivateFrameworks/login.framework/Versions/A/Frameworks/loginsupport.framework/Versions/A/loginsupport
0x0000000004142000 	/System/Library/PrivateFrameworks/TCC.framework/Versions/A/TCC
0x0000000004142000 	/usr/lib/libmecabra.dylib
0x0000000004142000 	/System/Library/PrivateFrameworks/LanguageModeling.framework/Versions/A/LanguageModeling
0x0000000004142000 	/usr/lib/libcmph.dylib
0x0000000004142000 	/usr/lib/libiconv.2.dylib
0x0000000004142000 	/System/Library/Frameworks/OpenDirectory.framework/Versions/A/Frameworks/CFOpenDirectory.framework/Versions/A/CFOpenDirectory
0x0000000004142000 	/System/Library/Frameworks/ServiceManagement.framework/Versions/A/ServiceManagement
0x0000000004142000 	/usr/lib/libxslt.1.dylib
0x0000000004142000 	/System/Library/Frameworks/Carbon.framework/Versions/A/Frameworks/Ink.framework/Versions/A/Ink
0x0000000004142000 	/System/Library/Frameworks/ApplicationServices.framework/Versions/A/Frameworks/ATS.framework/Versions/A/ATS
0x0000000004142000 	/System/Library/Frameworks/ApplicationServices.framework/Versions/A/Frameworks/ColorSync.framework/Versions/A/ColorSync
0x0000000004142000 	/System/Library/Frameworks/ApplicationServices.framework/Versions/A/Frameworks/HIServices.framework/Versions/A/HIServices
0x0000000004142000 	/System/Library/Frameworks/ApplicationServices.framework/Versions/A/Frameworks/LangAnalysis.framework/Versions/A/LangAnalysis
0x0000000004142000 	/System/Library/Frameworks/ApplicationServices.framework/Versions/A/Frameworks/PrintCore.framework/Versions/A/PrintCore
0x0000000004142000 	/System/Library/Frameworks/ApplicationServices.framework/Versions/A/Frameworks/QD.framework/Versions/A/QD
0x0000000004142000 	/System/Library/Frameworks/ApplicationServices.framework/Versions/A/Frameworks/SpeechSynthesis.framework/Versions/A/SpeechSynthesis
0x0000000004142000 	/System/Library/Frameworks/Accelerate.framework/Versions/A/Accelerate
0x0000000004142000 	/System/Library/Frameworks/Accelerate.framework/Versions/A/Frameworks/vImage.framework/Versions/A/vImage
0x0000000004142000 	/System/Library/Frameworks/Accelerate.framework/Versions/A/Frameworks/vecLib.framework/Versions/A/vecLib
0x0000000004142000 	/System/Library/Frameworks/Accelerate.framework/Versions/A/Frameworks/vecLib.framework/Versions/A/libvDSP.dylib
0x0000000004142000 	/System/Library/Frameworks/Accelerate.framework/Versions/A/Frameworks/vecLib.framework/Versions/A/libvMisc.dylib
0x0000000004142000 	/System/Library/Frameworks/Accelerate.framework/Versions/A/Frameworks/vecLib.framework/Versions/A/libLAPACK.dylib
0x0000000004142000 	/System/Library/Frameworks/Accelerate.framework/Versions/A/Frameworks/vecLib.framework/Versions/A/libBLAS.dylib
0x0000000004142000 	/System/Library/Frameworks/Accelerate.framework/Versions/A/Frameworks/vecLib.framework/Versions/A/libLinearAlgebra.dylib
0x0000000004142000 	/System/Library/Frameworks/ApplicationServices.framework/Versions/A/Frameworks/ATS.framework/Versions/A/Resources/libFontParser.dylib
0x0000000004142000 	/System/Library/Frameworks/ApplicationServices.framework/Versions/A/Frameworks/ATS.framework/Versions/A/Resources/libFontRegistry.dylib
0x0000000004142000 	/System/Library/PrivateFrameworks/AppleVPA.framework/Versions/A/AppleVPA
0x0000000004142000 	/System/Library/PrivateFrameworks/AppleJPEG.framework/Versions/A/AppleJPEG
0x0000000004142000 	/System/Library/Frameworks/ImageIO.framework/Versions/A/Resources/libJPEG.dylib
0x0000000004142000 	/System/Library/Frameworks/ImageIO.framework/Versions/A/Resources/libTIFF.dylib
0x0000000004142000 	/System/Library/Frameworks/ImageIO.framework/Versions/A/Resources/libPng.dylib
0x0000000004142000 	/System/Library/Frameworks/ImageIO.framework/Versions/A/Resources/libGIF.dylib
0x0000000004142000 	/System/Library/Frameworks/ImageIO.framework/Versions/A/Resources/libJP2.dylib
0x0000000004142000 	/System/Library/Frameworks/ImageIO.framework/Versions/A/Resources/libRadiance.dylib
0x0000000004142000 	/System/Library/Frameworks/CoreVideo.framework/Versions/A/CoreVideo
0x0000000004142000 	/System/Library/Frameworks/OpenGL.framework/Versions/A/Libraries/libGLU.dylib
0x0000000004142000 	/System/Library/Frameworks/OpenGL.framework/Versions/A/Libraries/libGFXShared.dylib
0x0000000004142000 	/System/Library/Frameworks/OpenGL.framework/Versions/A/Libraries/libGL.dylib
0x0000000004142000 	/System/Library/Frameworks/OpenGL.framework/Versions/A/Libraries/libGLImage.dylib
0x0000000004142000 	/System/Library/Frameworks/OpenGL.framework/Versions/A/Libraries/libCVMSPluginSupport.dylib
0x0000000004142000 	/System/Library/Frameworks/OpenGL.framework/Versions/A/Libraries/libCoreVMClient.dylib
0x0000000004142000 	/usr/lib/libcups.2.dylib
0x0000000004142000 	/System/Library/Frameworks/Kerberos.framework/Versions/A/Kerberos
0x0000000004142000 	/System/Library/Frameworks/GSS.framework/Versions/A/GSS
0x0000000004142000 	/usr/lib/libresolv.9.dylib
0x0000000004142000 	/System/Library/PrivateFrameworks/Heimdal.framework/Versions/A/Heimdal
0x0000000004142000 	/usr/lib/libheimdal-asn1.dylib
0x0000000004142000 	/System/Library/Frameworks/OpenDirectory.framework/Versions/A/OpenDirectory
0x0000000004142000 	/System/Library/PrivateFrameworks/CommonAuth.framework/Versions/A/CommonAuth
0x0000000004142000 	/System/Library/Frameworks/SecurityFoundation.framework/Versions/A/SecurityFoundation
0x0000000004142000 	/System/Library/Frameworks/QuartzCore.framework/Versions/A/Frameworks/CoreImage.framework/Versions/A/CoreImage
0x0000000004142000 	/System/Library/PrivateFrameworks/CrashReporterSupport.framework/Versions/A/CrashReporterSupport
0x0000000004142000 	/System/Library/Frameworks/OpenCL.framework/Versions/A/OpenCL
0x0000000004142000 	/System/Library/PrivateFrameworks/FaceCore.framework/Versions/A/FaceCore
0x0000000004142000 	/System/Library/PrivateFrameworks/Ubiquity.framework/Versions/A/Ubiquity
0x0000000004142000 	/System/Library/PrivateFrameworks/IconServices.framework/Versions/A/IconServices
0x0000000004142000 	/System/Library/PrivateFrameworks/ChunkingLibrary.framework/Versions/A/ChunkingLibrary
0x0000000004142000 	/System/Library/PrivateFrameworks/Apple80211.framework/Versions/A/Apple80211
0x0000000004142000 	/System/Library/Frameworks/CoreWLAN.framework/Versions/A/CoreWLAN
0x0000000004142000 	/System/Library/Frameworks/IOBluetooth.framework/Versions/A/IOBluetooth
0x0000000004142000 	/System/Library/PrivateFrameworks/CoreWiFi.framework/Versions/A/CoreWiFi
0x0000000004142000 	/System/Library/Frameworks/CoreBluetooth.framework/Versions/A/CoreBluetooth
0x0000000004142000 	/System/Library/PrivateFrameworks/DebugSymbols.framework/Versions/A/DebugSymbols
0x0000000004142000 	/System/Library/PrivateFrameworks/CoreSymbolication.framework/Versions/A/CoreSymbolication
0x0000000004142000 	/System/Library/PrivateFrameworks/Symbolication.framework/Versions/A/Symbolication
0x0000000004142000 	/System/Library/PrivateFrameworks/SpeechRecognitionCore.framework/Versions/A/SpeechRecognitionCore
0x0000000101a00000 	/Library/Java/JavaVirtualMachines/jdk1.7.0_71.jdk/Contents/Home/jre/lib/server/libjvm.dylib
0x0000000004142000 	/usr/lib/libstdc++.6.dylib
0x000000010115b000 	/Library/Java/JavaVirtualMachines/jdk1.7.0_71.jdk/Contents/Home/jre/lib/libverify.dylib
0x0000000101168000 	/Library/Java/JavaVirtualMachines/jdk1.7.0_71.jdk/Contents/Home/jre/lib/libjava.dylib
0x00000001011a2000 	/Library/Java/JavaVirtualMachines/jdk1.7.0_71.jdk/Contents/Home/jre/lib/libzip.dylib
0x0000000109726000 	/System/Library/Frameworks/JavaVM.framework/Frameworks/JavaRuntimeSupport.framework/JavaRuntimeSupport
0x00000001011eb000 	/System/Library/Frameworks/JavaVM.framework/Versions/A/Frameworks/JavaNativeFoundation.framework/Versions/A/JavaNativeFoundation
0x000000010973c000 	/System/Library/Frameworks/JavaVM.framework/Versions/A/JavaVM
0x0000000004142000 	/System/Library/Frameworks/Carbon.framework/Versions/A/Carbon
0x0000000109748000 	/System/Library/PrivateFrameworks/JavaLaunching.framework/Versions/A/JavaLaunching
0x0000000004142000 	/System/Library/Frameworks/Carbon.framework/Versions/A/Frameworks/CommonPanels.framework/Versions/A/CommonPanels
0x0000000004142000 	/System/Library/Frameworks/Carbon.framework/Versions/A/Frameworks/Help.framework/Versions/A/Help
0x0000000004142000 	/System/Library/Frameworks/Carbon.framework/Versions/A/Frameworks/ImageCapture.framework/Versions/A/ImageCapture
0x0000000004142000 	/System/Library/Frameworks/Carbon.framework/Versions/A/Frameworks/OpenScripting.framework/Versions/A/OpenScripting
0x0000000004142000 	/System/Library/Frameworks/Carbon.framework/Versions/A/Frameworks/Print.framework/Versions/A/Print
0x0000000004142000 	/System/Library/Frameworks/Carbon.framework/Versions/A/Frameworks/SecurityHI.framework/Versions/A/SecurityHI
0x000000010b4c2000 	/Library/Java/JavaVirtualMachines/jdk1.7.0_71.jdk/Contents/Home/jre/lib/libnio.dylib
0x000000010b4d1000 	/Library/Java/JavaVirtualMachines/jdk1.7.0_71.jdk/Contents/Home/jre/lib/./libnet.dylib
0x000000010b52f000 	/Users/ashutoshprasar/Documents/lib/librxtxSerial.jnilib

VM Arguments:
jvm_args: -Djava.library.path=/Users/ashutoshprasar/xbee-api:/Users/ashutoshprasar/Documents/lib -Dfile.encoding=UTF-8 
java_command: surePark.sureParkServlet
Launcher Type: SUN_STANDARD

Environment Variables:
PATH=/usr/bin:/bin:/usr/sbin:/sbin
SHELL=/bin/bash

Signal Handlers:
SIGSEGV: [libjvm.dylib+0x52c49d], sa_mask[0]=0xfffefeff, sa_flags=0x00000043
SIGBUS: [libjvm.dylib+0x52c49d], sa_mask[0]=0xfffefeff, sa_flags=0x00000042
SIGFPE: [libjvm.dylib+0x41e53a], sa_mask[0]=0xfffefeff, sa_flags=0x00000042
SIGPIPE: [libjvm.dylib+0x41e53a], sa_mask[0]=0xfffefeff, sa_flags=0x00000042
SIGXFSZ: [libjvm.dylib+0x41e53a], sa_mask[0]=0xfffefeff, sa_flags=0x00000042
SIGILL: [libjvm.dylib+0x41e53a], sa_mask[0]=0xfffefeff, sa_flags=0x00000042
SIGUSR1: SIG_DFL, sa_mask[0]=0x00000000, sa_flags=0x00000000
SIGUSR2: [libjvm.dylib+0x41e02c], sa_mask[0]=0x00000004, sa_flags=0x00000042
SIGHUP: [libjvm.dylib+0x41c2bd], sa_mask[0]=0xfffefeff, sa_flags=0x00000042
SIGINT: [libjvm.dylib+0x41c2bd], sa_mask[0]=0xfffefeff, sa_flags=0x00000042
SIGTERM: [libjvm.dylib+0x41c2bd], sa_mask[0]=0xfffefeff, sa_flags=0x00000042
SIGQUIT: [libjvm.dylib+0x41c2bd], sa_mask[0]=0xfffefeff, sa_flags=0x00000042


---------------  S Y S T E M  ---------------

OS:Bsduname:Darwin 14.0.0 Darwin Kernel Version 14.0.0: Fri Sep 19 00:26:44 PDT 2014; root:xnu-2782.1.97~2/RELEASE_X86_64 x86_64
rlimit: STACK 8192k, CORE 0k, NPROC 709, NOFILE 10240, AS infinity
load average:1.33 1.44 1.49

CPU:total 4 (2 cores per cpu, 2 threads per core) family 6 model 42 stepping 7, cmov, cx8, fxsr, mmx, sse, sse2, sse3, ssse3, sse4.1, sse4.2, popcnt, avx, aes, ht, tsc, tscinvbit

Memory: 4k page, physical 4194304k(1048576k free)

/proc/meminfo:


vm_info: Java HotSpot(TM) 64-Bit Server VM (24.71-b01) for bsd-amd64 JRE (1.7.0_71-b14), built on Sep 26 2014 16:11:44 by "java_re" with gcc 4.2.1 (Based on Apple Inc. build 5658) (LLVM build 2336.11.00)

time: Sat Jan 17 17:20:33 2015
elapsed time: 0 seconds

